# JRE version: Java(TM) SE Runtime Environment (8.0_111-b14) (build 1.8.0_111-b14)
# Java VM: Java HotSpot(TM) 64-Bit Server VM (25.111-b14 mixed mode windows-amd64 compressed oops)
Heap:
 PSYoungGen      total 227328K, used 43074K [0x00000000eb300000, 0x0000000100000000, 0x0000000100000000)
  eden space 113664K, 37% used [0x00000000eb300000,0x00000000edd10bb0,0x00000000f2200000)
  from space 113664K, 0% used [0x00000000f2200000,0x00000000f2200000,0x00000000f9100000)
  to   space 113664K, 0% used [0x00000000f9100000,0x00000000f9100000,0x0000000100000000)
 ParOldGen       total 435712K, used 292161K [0x00000000c1800000, 0x00000000dc180000, 0x00000000eb300000)
  object space 435712K, 67% used [0x00000000c1800000,0x00000000d3550698,0x00000000dc180000)
 Metaspace       used 43173K, capacity 63900K, committed 64128K, reserved 1107968K
  class space    used 4536K, capacity 5876K, committed 6016K, reserved 1048576K
GC Heap History (10 events):
Event: 35.644 GC heap before
{Heap before GC invocations=31 (full 4):
 PSYoungGen      total 227328K, used 211227K [0x00000000eb300000, 0x0000000100000000, 0x0000000100000000)
  eden space 113664K, 100% used [0x00000000eb300000,0x00000000f2200000,0x00000000f2200000)
  from space 113664K, 85% used [0x00000000f9100000,0x00000000ff046dd8,0x0000000100000000)
  to   space 113664K, 0% used [0x00000000f2200000,0x00000000f2200000,0x00000000f9100000)
 ParOldGen       total 292352K, used 193635K [0x00000000c1800000, 0x00000000d3580000, 0x00000000eb300000)
  object space 292352K, 66% used [0x00000000c1800000,0x00000000cd518ee0,0x00000000d3580000)
 Metaspace       used 41066K, capacity 61258K, committed 61440K, reserved 1105920K
  class space    used 4324K, capacity 5762K, committed 5888K, reserved 1048576K
Event: 35.791 GC heap after
Heap after GC invocations=31 (full 4):
 PSYoungGen      total 227328K, used 73887K [0x00000000eb300000, 0x0000000100000000, 0x0000000100000000)
  eden space 113664K, 0% used [0x00000000eb300000,0x00000000eb300000,0x00000000f2200000)
  from space 113664K, 65% used [0x00000000f2200000,0x00000000f6a27ef8,0x00000000f9100000)
  to   space 113664K, 0% used [0x00000000f9100000,0x00000000f9100000,0x0000000100000000)
 ParOldGen       total 292352K, used 223833K [0x00000000c1800000, 0x00000000d3580000, 0x00000000eb300000)
  object space 292352K, 76% used [0x00000000c1800000,0x00000000cf2966a8,0x00000000d3580000)
 Metaspace       used 41066K, capacity 61258K, committed 61440K, reserved 1105920K
  class space    used 4324K, capacity 5762K, committed 5888K, reserved 1048576K
}
Event: 36.610 GC heap before
{Heap before GC invocations=32 (full 4):
 PSYoungGen      total 227328K, used 187551K [0x00000000eb300000, 0x0000000100000000, 0x0000000100000000)
  eden space 113664K, 100% used [0x00000000eb300000,0x00000000f2200000,0x00000000f2200000)
  from space 113664K, 65% used [0x00000000f2200000,0x00000000f6a27ef8,0x00000000f9100000)
  to   space 113664K, 0% used [0x00000000f9100000,0x00000000f9100000,0x0000000100000000)
 ParOldGen       total 292352K, used 223833K [0x00000000c1800000, 0x00000000d3580000, 0x00000000eb300000)
  object space 292352K, 76% used [0x00000000c1800000,0x00000000cf2966a8,0x00000000d3580000)
 Metaspace       used 41668K, capacity 61756K, committed 61952K, reserved 1105920K
  class space    used 4404K, capacity 5782K, committed 5888K, reserved 1048576K
Event: 36.847 GC heap after
Heap after GC invocations=32 (full 4):
 PSYoungGen      total 227328K, used 61629K [0x00000000eb300000, 0x0000000100000000, 0x0000000100000000)
  eden space 113664K, 0% used [0x00000000eb300000,0x00000000eb300000,0x00000000f2200000)
  from space 113664K, 54% used [0x00000000f9100000,0x00000000fcd2f5c0,0x0000000100000000)
  to   space 113664K, 0% used [0x00000000f2200000,0x00000000f2200000,0x00000000f9100000)
 ParOldGen       total 292352K, used 241855K [0x00000000c1800000, 0x00000000d3580000, 0x00000000eb300000)
  object space 292352K, 82% used [0x00000000c1800000,0x00000000d042ff70,0x00000000d3580000)
 Metaspace       used 41668K, capacity 61756K, committed 61952K, reserved 1105920K
  class space    used 4404K, capacity 5782K, committed 5888K, reserved 1048576K
}
Event: 114.595 GC heap before
{Heap before GC invocations=33 (full 4):
 PSYoungGen      total 227328K, used 175293K [0x00000000eb300000, 0x0000000100000000, 0x0000000100000000)
  eden space 113664K, 100% used [0x00000000eb300000,0x00000000f2200000,0x00000000f2200000)
  from space 113664K, 54% used [0x00000000f9100000,0x00000000fcd2f5c0,0x0000000100000000)
  to   space 113664K, 0% used [0x00000000f2200000,0x00000000f2200000,0x00000000f9100000)
 ParOldGen       total 292352K, used 241855K [0x00000000c1800000, 0x00000000d3580000, 0x00000000eb300000)
  object space 292352K, 82% used [0x00000000c1800000,0x00000000d042ff70,0x00000000d3580000)
 Metaspace       used 42688K, capacity 63548K, committed 63872K, reserved 1107968K
  class space    used 4526K, capacity 5895K, committed 6016K, reserved 1048576K
Event: 114.684 GC heap after
Heap after GC invocations=33 (full 4):
 PSYoungGen      total 227328K, used 35914K [0x00000000eb300000, 0x0000000100000000, 0x0000000100000000)
  eden space 113664K, 0% used [0x00000000eb300000,0x00000000eb300000,0x00000000f2200000)
  from space 113664K, 31% used [0x00000000f2200000,0x00000000f4512ad8,0x00000000f9100000)
  to   space 113664K, 0% used [0x00000000f9100000,0x00000000f9100000,0x0000000100000000)
 ParOldGen       total 292352K, used 266155K [0x00000000c1800000, 0x00000000d3580000, 0x00000000eb300000)
  object space 292352K, 91% used [0x00000000c1800000,0x00000000d1beadc8,0x00000000d3580000)
 Metaspace       used 42688K, capacity 63548K, committed 63872K, reserved 1107968K
  class space    used 4526K, capacity 5895K, committed 6016K, reserved 1048576K
}
Event: 114.684 GC heap before
{Heap before GC invocations=34 (full 5):
 PSYoungGen      total 227328K, used 35914K [0x00000000eb300000, 0x0000000100000000, 0x0000000100000000)
  eden space 113664K, 0% used [0x00000000eb300000,0x00000000eb300000,0x00000000f2200000)
  from space 113664K, 31% used [0x00000000f2200000,0x00000000f4512ad8,0x00000000f9100000)
  to   space 113664K, 0% used [0x00000000f9100000,0x00000000f9100000,0x0000000100000000)
 ParOldGen       total 292352K, used 266155K [0x00000000c1800000, 0x00000000d3580000, 0x00000000eb300000)
  object space 292352K, 91% used [0x00000000c1800000,0x00000000d1beadc8,0x00000000d3580000)
 Metaspace       used 42688K, capacity 63548K, committed 63872K, reserved 1107968K
  class space    used 4526K, capacity 5895K, committed 6016K, reserved 1048576K
Event: 116.369 GC heap after
Heap after GC invocations=34 (full 5):
 PSYoungGen      total 227328K, used 4474K [0x00000000eb300000, 0x0000000100000000, 0x0000000100000000)
  eden space 113664K, 0% used [0x00000000eb300000,0x00000000eb300000,0x00000000f2200000)
  from space 113664K, 3% used [0x00000000f2200000,0x00000000f265e840,0x00000000f9100000)
  to   space 113664K, 0% used [0x00000000f9100000,0x00000000f9100000,0x0000000100000000)
 ParOldGen       total 292352K, used 292253K [0x00000000c1800000, 0x00000000d3580000, 0x00000000eb300000)
  object space 292352K, 99% used [0x00000000c1800000,0x00000000d35675a0,0x00000000d3580000)
 Metaspace       used 42590K, capacity 63274K, committed 63872K, reserved 1107968K
  class space    used 4516K, capacity 5875K, committed 6016K, reserved 1048576K
}
Event: 762.516 GC heap before
{Heap before GC invocations=35 (full 6):
 PSYoungGen      total 227328K, used 118138K [0x00000000eb300000, 0x0000000100000000, 0x0000000100000000)
  eden space 113664K, 100% used [0x00000000eb300000,0x00000000f2200000,0x00000000f2200000)
  from space 113664K, 3% used [0x00000000f2200000,0x00000000f265e840,0x00000000f9100000)
  to   space 113664K, 0% used [0x00000000f9100000,0x00000000f9100000,0x0000000100000000)
 ParOldGen       total 292352K, used 292253K [0x00000000c1800000, 0x00000000d3580000, 0x00000000eb300000)
  object space 292352K, 99% used [0x00000000c1800000,0x00000000d35675a0,0x00000000d3580000)
 Metaspace       used 43165K, capacity 63896K, committed 64128K, reserved 1107968K
  class space    used 4536K, capacity 5876K, committed 6016K, reserved 1048576K
Event: 763.878 GC heap after
Heap after GC invocations=35 (full 6):
 PSYoungGen      total 227328K, used 17407K [0x00000000eb300000, 0x0000000100000000, 0x0000000100000000)
  eden space 113664K, 15% used [0x00000000eb300000,0x00000000ec3ffe00,0x00000000f2200000)
  from space 113664K, 0% used [0x00000000f2200000,0x00000000f2200000,0x00000000f9100000)
  to   space 113664K, 0% used [0x00000000f9100000,0x00000000f9100000,0x0000000100000000)
 ParOldGen       total 435712K, used 292161K [0x00000000c1800000, 0x00000000dc180000, 0x00000000eb300000)
  object space 435712K, 67% used [0x00000000c1800000,0x00000000d3550698,0x00000000dc180000)
 Metaspace       used 43165K, capacity 63896K, committed 64128K, reserved 1107968K
  class space    used 4536K, capacity 5876K, committed 6016K, reserved 1048576K
}

